<?xml version="1.0" encoding="UTF-8"?>
<!-- Generated by org.testng.reporters.JUnitXMLReporter -->
<testsuite hostname="Rupeshs-MacBook-Pro.local" ignored="0" name="test-one" tests="1" failures="0" timestamp="06 Feb 2017 10:43:07 GMT" time="17.399" errors="0">
  <testcase name="TestOne" time="17.383" classname="com.test.scripts.ClassOneTest"/>
</testsuite> <!-- test-one -->
