<?xml version="1.0" encoding="UTF-8"?>
<!-- Generated by org.testng.reporters.JUnitReportReporter -->
<testsuite name="com.test.scripts.ClassOneTest" tests="1" time="17.383" ignored="0" failures="0" timestamp="06 Feb 2017 10:43:07 GMT" skipped="0" hostname="Rupeshs-MacBook-Pro.local" errors="0">
  <testcase name="TestOne" time="17.383" classname="com.test.scripts.ClassOneTest"/>
</testsuite> <!-- com.test.scripts.ClassOneTest -->
